{"C:\\Users\\KINGSLEY\\hngbetask2\\src\\controllers\\country.controller.ts": {"path":"C:\\Users\\KINGSLEY\\hngbetask2\\src\\controllers\\country.controller.ts","statementMap":{"0":{"start":{"line":2,"column":0},"end":{"line":2,"column":62}},"1":{"start":{"line":3,"column":0},"end":{"line":3,"column":58}},"2":{"start":{"line":4,"column":0},"end":{"line":4,"column":68}},"3":{"start":{"line":8,"column":28},"end":{"line":15,"column":1}},"4":{"start":{"line":9,"column":4},"end":{"line":14,"column":5}},"5":{"start":{"line":10,"column":8},"end":{"line":10,"column":51}},"6":{"start":{"line":11,"column":8},"end":{"line":11,"column":111}},"7":{"start":{"line":13,"column":8},"end":{"line":13,"column":16}},"8":{"start":{"line":8,"column":13},"end":{"line":8,"column":28}},"9":{"start":{"line":18,"column":28},"end":{"line":64,"column":1}},"10":{"start":{"line":19,"column":4},"end":{"line":63,"column":5}},"11":{"start":{"line":20,"column":43},"end":{"line":20,"column":52}},"12":{"start":{"line":22,"column":52},"end":{"line":22,"column":58}},"13":{"start":{"line":23,"column":43},"end":{"line":23,"column":48}},"14":{"start":{"line":25,"column":8},"end":{"line":44,"column":9}},"15":{"start":{"line":26,"column":26},"end":{"line":26,"column":41}},"16":{"start":{"line":27,"column":26},"end":{"line":27,"column":48}},"17":{"start":{"line":28,"column":30},"end":{"line":28,"column":62}},"18":{"start":{"line":30,"column":12},"end":{"line":38,"column":13}},"19":{"start":{"line":31,"column":16},"end":{"line":31,"column":31}},"20":{"start":{"line":32,"column":19},"end":{"line":38,"column":13}},"21":{"start":{"line":33,"column":16},"end":{"line":33,"column":32}},"22":{"start":{"line":34,"column":19},"end":{"line":38,"column":13}},"23":{"start":{"line":35,"column":16},"end":{"line":35,"column":38}},"24":{"start":{"line":37,"column":16},"end":{"line":37,"column":113}},"25":{"start":{"line":40,"column":12},"end":{"line":42,"column":13}},"26":{"start":{"line":41,"column":16},"end":{"line":41,"column":90}},"27":{"start":{"line":43,"column":12},"end":{"line":43,"column":55}},"28":{"start":{"line":46,"column":26},"end":{"line":51,"column":10}},"29":{"start":{"line":54,"column":25},"end":{"line":58,"column":11}},"30":{"start":{"line":54,"column":45},"end":{"line":58,"column":10}},"31":{"start":{"line":60,"column":8},"end":{"line":60,"column":39}},"32":{"start":{"line":62,"column":8},"end":{"line":62,"column":16}},"33":{"start":{"line":18,"column":13},"end":{"line":18,"column":28}},"34":{"start":{"line":66,"column":32},"end":{"line":85,"column":1}},"35":{"start":{"line":67,"column":4},"end":{"line":84,"column":5}},"36":{"start":{"line":68,"column":21},"end":{"line":68,"column":36}},"37":{"start":{"line":69,"column":8},"end":{"line":71,"column":9}},"38":{"start":{"line":70,"column":12},"end":{"line":70,"column":77}},"39":{"start":{"line":73,"column":24},"end":{"line":73,"column":67}},"40":{"start":{"line":75,"column":25},"end":{"line":79,"column":10}},"41":{"start":{"line":81,"column":8},"end":{"line":81,"column":39}},"42":{"start":{"line":83,"column":8},"end":{"line":83,"column":16}},"43":{"start":{"line":66,"column":13},"end":{"line":66,"column":32}},"44":{"start":{"line":91,"column":35},"end":{"line":103,"column":1}},"45":{"start":{"line":92,"column":4},"end":{"line":102,"column":5}},"46":{"start":{"line":93,"column":21},"end":{"line":93,"column":36}},"47":{"start":{"line":94,"column":8},"end":{"line":96,"column":9}},"48":{"start":{"line":95,"column":12},"end":{"line":95,"column":77}},"49":{"start":{"line":98,"column":8},"end":{"line":98,"column":55}},"50":{"start":{"line":99,"column":8},"end":{"line":99,"column":85}},"51":{"start":{"line":101,"column":8},"end":{"line":101,"column":16}},"52":{"start":{"line":91,"column":13},"end":{"line":91,"column":35}},"53":{"start":{"line":109,"column":31},"end":{"line":123,"column":1}},"54":{"start":{"line":110,"column":4},"end":{"line":122,"column":5}},"55":{"start":{"line":111,"column":28},"end":{"line":111,"column":70}},"56":{"start":{"line":113,"column":8},"end":{"line":113,"column":51}},"57":{"start":{"line":114,"column":8},"end":{"line":114,"column":51}},"58":{"start":{"line":115,"column":8},"end":{"line":115,"column":30}},"59":{"start":{"line":118,"column":8},"end":{"line":120,"column":9}},"60":{"start":{"line":119,"column":12},"end":{"line":119,"column":80}},"61":{"start":{"line":121,"column":8},"end":{"line":121,"column":16}},"62":{"start":{"line":109,"column":13},"end":{"line":109,"column":31}}},"fnMap":{"0":{"name":"(anonymous_9)","decl":{"start":{"line":8,"column":28},"end":{"line":8,"column":33}},"loc":{"start":{"line":8,"column":86},"end":{"line":15,"column":1}}},"1":{"name":"(anonymous_10)","decl":{"start":{"line":18,"column":28},"end":{"line":18,"column":33}},"loc":{"start":{"line":18,"column":86},"end":{"line":64,"column":1}}},"2":{"name":"(anonymous_11)","decl":{"start":{"line":54,"column":39},"end":{"line":54,"column":40}},"loc":{"start":{"line":54,"column":45},"end":{"line":58,"column":10}}},"3":{"name":"(anonymous_12)","decl":{"start":{"line":66,"column":32},"end":{"line":66,"column":37}},"loc":{"start":{"line":66,"column":90},"end":{"line":85,"column":1}}},"4":{"name":"(anonymous_13)","decl":{"start":{"line":91,"column":35},"end":{"line":91,"column":40}},"loc":{"start":{"line":91,"column":93},"end":{"line":103,"column":1}}},"5":{"name":"(anonymous_14)","decl":{"start":{"line":109,"column":31},"end":{"line":109,"column":36}},"loc":{"start":{"line":109,"column":89},"end":{"line":123,"column":1}}}},"branchMap":{"0":{"loc":{"start":{"line":25,"column":8},"end":{"line":44,"column":9}},"type":"if","locations":[{"start":{"line":25,"column":8},"end":{"line":44,"column":9}}]},"1":{"loc":{"start":{"line":28,"column":30},"end":{"line":28,"column":62}},"type":"binary-expr","locations":[{"start":{"line":28,"column":30},"end":{"line":28,"column":53}},{"start":{"line":28,"column":57},"end":{"line":28,"column":62}}]},"2":{"loc":{"start":{"line":30,"column":12},"end":{"line":38,"column":13}},"type":"if","locations":[{"start":{"line":30,"column":12},"end":{"line":38,"column":13}},{"start":{"line":32,"column":19},"end":{"line":38,"column":13}}]},"3":{"loc":{"start":{"line":32,"column":19},"end":{"line":38,"column":13}},"type":"if","locations":[{"start":{"line":32,"column":19},"end":{"line":38,"column":13}},{"start":{"line":34,"column":19},"end":{"line":38,"column":13}}]},"4":{"loc":{"start":{"line":34,"column":19},"end":{"line":38,"column":13}},"type":"if","locations":[{"start":{"line":34,"column":19},"end":{"line":38,"column":13}},{"start":{"line":36,"column":19},"end":{"line":38,"column":13}}]},"5":{"loc":{"start":{"line":40,"column":12},"end":{"line":42,"column":13}},"type":"if","locations":[{"start":{"line":40,"column":12},"end":{"line":42,"column":13}}]},"6":{"loc":{"start":{"line":40,"column":16},"end":{"line":40,"column":59}},"type":"binary-expr","locations":[{"start":{"line":40,"column":16},"end":{"line":40,"column":35}},{"start":{"line":40,"column":39},"end":{"line":40,"column":59}}]},"7":{"loc":{"start":{"line":69,"column":8},"end":{"line":71,"column":9}},"type":"if","locations":[{"start":{"line":69,"column":8},"end":{"line":71,"column":9}}]},"8":{"loc":{"start":{"line":94,"column":8},"end":{"line":96,"column":9}},"type":"if","locations":[{"start":{"line":94,"column":8},"end":{"line":96,"column":9}}]},"9":{"loc":{"start":{"line":118,"column":8},"end":{"line":120,"column":9}},"type":"if","locations":[{"start":{"line":118,"column":8},"end":{"line":120,"column":9}}]}},"s":{"0":1,"1":1,"2":1,"3":1,"4":2,"5":2,"6":1,"7":1,"8":1,"9":1,"10":3,"11":3,"12":3,"13":3,"14":3,"15":2,"16":2,"17":2,"18":2,"19":1,"20":1,"21":0,"22":1,"23":0,"24":1,"25":1,"26":0,"27":1,"28":2,"29":2,"30":1,"31":2,"32":1,"33":1,"34":1,"35":2,"36":2,"37":2,"38":0,"39":2,"40":1,"41":1,"42":1,"43":1,"44":1,"45":2,"46":2,"47":2,"48":0,"49":2,"50":1,"51":1,"52":1,"53":1,"54":2,"55":2,"56":1,"57":1,"58":1,"59":1,"60":0,"61":1,"62":1},"f":{"0":2,"1":3,"2":1,"3":2,"4":2,"5":2},"b":{"0":[2],"1":[2,0],"2":[1,1],"3":[0,1],"4":[0,1],"5":[0],"6":[1,1],"7":[0],"8":[0],"9":[0]}}
,"C:\\Users\\KINGSLEY\\hngbetask2\\src\\controllers\\status.controller.ts": {"path":"C:\\Users\\KINGSLEY\\hngbetask2\\src\\controllers\\status.controller.ts","statementMap":{"0":{"start":{"line":2,"column":0},"end":{"line":2,"column":62}},"1":{"start":{"line":8,"column":25},"end":{"line":22,"column":1}},"2":{"start":{"line":9,"column":4},"end":{"line":21,"column":5}},"3":{"start":{"line":10,"column":23},"end":{"line":10,"column":55}},"4":{"start":{"line":13,"column":25},"end":{"line":16,"column":10}},"5":{"start":{"line":18,"column":8},"end":{"line":18,"column":39}},"6":{"start":{"line":20,"column":8},"end":{"line":20,"column":16}},"7":{"start":{"line":8,"column":13},"end":{"line":8,"column":25}}},"fnMap":{"0":{"name":"(anonymous_9)","decl":{"start":{"line":8,"column":25},"end":{"line":8,"column":30}},"loc":{"start":{"line":8,"column":83},"end":{"line":22,"column":1}}}},"branchMap":{"0":{"loc":{"start":{"line":15,"column":31},"end":{"line":15,"column":103}},"type":"cond-expr","locations":[{"start":{"line":15,"column":58},"end":{"line":15,"column":96}},{"start":{"line":15,"column":99},"end":{"line":15,"column":103}}]}},"s":{"0":1,"1":1,"2":1,"3":1,"4":1,"5":1,"6":0,"7":1},"f":{"0":1},"b":{"0":[1,0]}}
,"C:\\Users\\KINGSLEY\\hngbetask2\\src\\entities\\Country.ts": {"path":"C:\\Users\\KINGSLEY\\hngbetask2\\src\\entities\\Country.ts","statementMap":{"0":{"start":{"line":1,"column":0},"end":{"line":1,"column":83}},"1":{"start":{"line":4,"column":7},"end":{"line":35,"column":null}},"2":{"start":{"line":4,"column":13},"end":{"line":4,"column":20}},"3":{"start":{"line":6,"column":4},"end":{"line":6,"column":null}},"4":{"start":{"line":9,"column":4},"end":{"line":9,"column":null}},"5":{"start":{"line":12,"column":4},"end":{"line":12,"column":null}},"6":{"start":{"line":15,"column":4},"end":{"line":15,"column":null}},"7":{"start":{"line":18,"column":4},"end":{"line":18,"column":null}},"8":{"start":{"line":21,"column":4},"end":{"line":21,"column":null}},"9":{"start":{"line":24,"column":4},"end":{"line":24,"column":null}},"10":{"start":{"line":28,"column":4},"end":{"line":28,"column":null}},"11":{"start":{"line":31,"column":4},"end":{"line":31,"column":null}},"12":{"start":{"line":34,"column":4},"end":{"line":34,"column":null}},"13":{"start":{"line":33,"column":47},"end":{"line":33,"column":66}},"14":{"start":{"line":4,"column":13},"end":{"line":35,"column":null}}},"fnMap":{"0":{"name":"(anonymous_2)","decl":{"start":{"line":33,"column":41},"end":{"line":33,"column":44}},"loc":{"start":{"line":33,"column":47},"end":{"line":33,"column":66}}}},"branchMap":{},"s":{"0":2,"1":2,"2":2,"3":2,"4":2,"5":2,"6":2,"7":2,"8":2,"9":2,"10":2,"11":2,"12":2,"13":0,"14":2},"f":{"0":0},"b":{}}
,"C:\\Users\\KINGSLEY\\hngbetask2\\src\\entities\\Status.ts": {"path":"C:\\Users\\KINGSLEY\\hngbetask2\\src\\entities\\Status.ts","statementMap":{"0":{"start":{"line":1,"column":0},"end":{"line":1,"column":65}},"1":{"start":{"line":4,"column":7},"end":{"line":13,"column":null}},"2":{"start":{"line":4,"column":13},"end":{"line":4,"column":19}},"3":{"start":{"line":6,"column":4},"end":{"line":6,"column":null}},"4":{"start":{"line":9,"column":4},"end":{"line":9,"column":null}},"5":{"start":{"line":12,"column":4},"end":{"line":12,"column":null}},"6":{"start":{"line":4,"column":13},"end":{"line":13,"column":null}}},"fnMap":{},"branchMap":{},"s":{"0":2,"1":2,"2":2,"3":2,"4":2,"5":2,"6":2},"f":{},"b":{}}
,"C:\\Users\\KINGSLEY\\hngbetask2\\src\\middleware\\errorHandler.ts": {"path":"C:\\Users\\KINGSLEY\\hngbetask2\\src\\middleware\\errorHandler.ts","statementMap":{"0":{"start":{"line":2,"column":0},"end":{"line":2,"column":67}},"1":{"start":{"line":4,"column":28},"end":{"line":19,"column":1}},"2":{"start":{"line":8,"column":4},"end":{"line":15,"column":5}},"3":{"start":{"line":9,"column":8},"end":{"line":9,"column":20}},"4":{"start":{"line":12,"column":8},"end":{"line":12,"column":55}},"5":{"start":{"line":14,"column":8},"end":{"line":14,"column":65}},"6":{"start":{"line":18,"column":4},"end":{"line":18,"column":61}},"7":{"start":{"line":4,"column":13},"end":{"line":4,"column":28}}},"fnMap":{"0":{"name":"(anonymous_0)","decl":{"start":{"line":4,"column":28},"end":{"line":4,"column":29}},"loc":{"start":{"line":4,"column":90},"end":{"line":19,"column":1}}}},"branchMap":{"0":{"loc":{"start":{"line":8,"column":4},"end":{"line":15,"column":5}},"type":"if","locations":[{"start":{"line":8,"column":4},"end":{"line":15,"column":5}},{"start":{"line":10,"column":11},"end":{"line":15,"column":5}}]}},"s":{"0":1,"1":1,"2":5,"3":4,"4":1,"5":1,"6":5,"7":1},"f":{"0":5},"b":{"0":[4,1]}}
,"C:\\Users\\KINGSLEY\\hngbetask2\\src\\middleware\\validation.ts": {"path":"C:\\Users\\KINGSLEY\\hngbetask2\\src\\middleware\\validation.ts","statementMap":{"0":{"start":{"line":1,"column":0},"end":{"line":1,"column":33}},"1":{"start":{"line":2,"column":0},"end":{"line":2,"column":57}},"2":{"start":{"line":4,"column":0},"end":{"line":4,"column":16}},"3":{"start":{"line":6,"column":12},"end":{"line":15,"column":2}},"4":{"start":{"line":18,"column":21},"end":{"line":24,"column":2}},"5":{"start":{"line":26,"column":0},"end":{"line":30,"column":1}},"6":{"start":{"line":27,"column":4},"end":{"line":29,"column":5}},"7":{"start":{"line":28,"column":8},"end":{"line":28,"column":98}},"8":{"start":{"line":32,"column":0},"end":{"line":32,"column":19}}},"fnMap":{},"branchMap":{"0":{"loc":{"start":{"line":7,"column":10},"end":{"line":7,"column":34}},"type":"binary-expr","locations":[{"start":{"line":7,"column":10},"end":{"line":7,"column":26}},{"start":{"line":7,"column":30},"end":{"line":7,"column":34}}]},"1":{"loc":{"start":{"line":9,"column":22},"end":{"line":9,"column":51}},"type":"binary-expr","locations":[{"start":{"line":9,"column":22},"end":{"line":9,"column":41}},{"start":{"line":9,"column":45},"end":{"line":9,"column":51}}]},"2":{"loc":{"start":{"line":27,"column":4},"end":{"line":29,"column":5}},"type":"if","locations":[{"start":{"line":27,"column":4},"end":{"line":29,"column":5}}]}},"s":{"0":0,"1":0,"2":0,"3":0,"4":0,"5":0,"6":0,"7":0,"8":0},"f":{},"b":{"0":[0,0],"1":[0,0],"2":[0]}}
,"C:\\Users\\KINGSLEY\\hngbetask2\\src\\services\\country.service.ts": {"path":"C:\\Users\\KINGSLEY\\hngbetask2\\src\\services\\country.service.ts","statementMap":{"0":{"start":{"line":1,"column":0},"end":{"line":1,"column":26}},"1":{"start":{"line":2,"column":0},"end":{"line":2,"column":53}},"2":{"start":{"line":3,"column":0},"end":{"line":3,"column":46}},"3":{"start":{"line":4,"column":0},"end":{"line":4,"column":44}},"4":{"start":{"line":8,"column":0},"end":{"line":8,"column":114}},"5":{"start":{"line":9,"column":0},"end":{"line":9,"column":63}},"6":{"start":{"line":10,"column":0},"end":{"line":10,"column":55}},"7":{"start":{"line":11,"column":0},"end":{"line":11,"column":32}},"8":{"start":{"line":12,"column":0},"end":{"line":12,"column":49}},"9":{"start":{"line":15,"column":26},"end":{"line":15,"column":62}},"10":{"start":{"line":16,"column":25},"end":{"line":16,"column":60}},"11":{"start":{"line":18,"column":35},"end":{"line":116,"column":1}},"12":{"start":{"line":21,"column":24},"end":{"line":21,"column":34}},"13":{"start":{"line":23,"column":4},"end":{"line":28,"column":5}},"14":{"start":{"line":24,"column":32},"end":{"line":24,"column":85}},"15":{"start":{"line":25,"column":8},"end":{"line":25,"column":41}},"16":{"start":{"line":27,"column":8},"end":{"line":27,"column":64}},"17":{"start":{"line":30,"column":4},"end":{"line":35,"column":5}},"18":{"start":{"line":31,"column":33},"end":{"line":31,"column":89}},"19":{"start":{"line":32,"column":8},"end":{"line":32,"column":46}},"20":{"start":{"line":34,"column":8},"end":{"line":34,"column":57}},"21":{"start":{"line":37,"column":43},"end":{"line":66,"column":47}},"22":{"start":{"line":38,"column":29},"end":{"line":38,"column":66}},"23":{"start":{"line":39,"column":42},"end":{"line":39,"column":46}},"24":{"start":{"line":40,"column":42},"end":{"line":40,"column":46}},"25":{"start":{"line":42,"column":8},"end":{"line":47,"column":9}},"26":{"start":{"line":43,"column":12},"end":{"line":43,"column":61}},"27":{"start":{"line":44,"column":31},"end":{"line":44,"column":60}},"28":{"start":{"line":46,"column":12},"end":{"line":46,"column":76}},"29":{"start":{"line":50,"column":8},"end":{"line":53,"column":9}},"30":{"start":{"line":51,"column":12},"end":{"line":51,"column":91}},"31":{"start":{"line":52,"column":12},"end":{"line":52,"column":24}},"32":{"start":{"line":55,"column":8},"end":{"line":65,"column":22}},"33":{"start":{"line":66,"column":36},"end":{"line":66,"column":46}},"34":{"start":{"line":69,"column":4},"end":{"line":107,"column":7}},"35":{"start":{"line":70,"column":34},"end":{"line":70,"column":108}},"36":{"start":{"line":71,"column":28},"end":{"line":71,"column":53}},"37":{"start":{"line":72,"column":8},"end":{"line":72,"column":84}},"38":{"start":{"line":72,"column":39},"end":{"line":72,"column":82}},"39":{"start":{"line":74,"column":43},"end":{"line":74,"column":45}},"40":{"start":{"line":76,"column":8},"end":{"line":90,"column":9}},"41":{"start":{"line":77,"column":31},"end":{"line":77,"column":76}},"42":{"start":{"line":79,"column":34},"end":{"line":79,"column":47}},"43":{"start":{"line":80,"column":12},"end":{"line":80,"column":52}},"44":{"start":{"line":82,"column":12},"end":{"line":89,"column":13}},"45":{"start":{"line":84,"column":16},"end":{"line":84,"column":46}},"46":{"start":{"line":85,"column":16},"end":{"line":85,"column":69}},"47":{"start":{"line":88,"column":16},"end":{"line":88,"column":52}},"48":{"start":{"line":92,"column":8},"end":{"line":94,"column":9}},"49":{"start":{"line":93,"column":12},"end":{"line":93,"column":78}},"50":{"start":{"line":97,"column":29},"end":{"line":97,"column":109}},"51":{"start":{"line":98,"column":8},"end":{"line":106,"column":9}},"52":{"start":{"line":99,"column":12},"end":{"line":99,"column":45}},"53":{"start":{"line":100,"column":12},"end":{"line":100,"column":64}},"54":{"start":{"line":102,"column":30},"end":{"line":102,"column":42}},"55":{"start":{"line":103,"column":12},"end":{"line":103,"column":48}},"56":{"start":{"line":104,"column":12},"end":{"line":104,"column":42}},"57":{"start":{"line":105,"column":12},"end":{"line":105,"column":61}},"58":{"start":{"line":110,"column":26},"end":{"line":113,"column":6}},"59":{"start":{"line":115,"column":4},"end":{"line":115,"column":86}},"60":{"start":{"line":18,"column":13},"end":{"line":18,"column":35}},"61":{"start":{"line":120,"column":31},"end":{"line":157,"column":1}},"62":{"start":{"line":121,"column":50},"end":{"line":124,"column":6}},"63":{"start":{"line":126,"column":4},"end":{"line":129,"column":5}},"64":{"start":{"line":128,"column":8},"end":{"line":128,"column":91}},"65":{"start":{"line":131,"column":4},"end":{"line":133,"column":5}},"66":{"start":{"line":132,"column":8},"end":{"line":132,"column":100}},"67":{"start":{"line":136,"column":22},"end":{"line":138,"column":65}},"68":{"start":{"line":140,"column":4},"end":{"line":142,"column":5}},"69":{"start":{"line":141,"column":8},"end":{"line":141,"column":67}},"70":{"start":{"line":145,"column":4},"end":{"line":147,"column":5}},"71":{"start":{"line":146,"column":8},"end":{"line":146,"column":66}},"72":{"start":{"line":150,"column":4},"end":{"line":156,"column":5}},"73":{"start":{"line":151,"column":26},"end":{"line":151,"column":67}},"74":{"start":{"line":152,"column":8},"end":{"line":152,"column":25}},"75":{"start":{"line":154,"column":8},"end":{"line":154,"column":50}},"76":{"start":{"line":155,"column":8},"end":{"line":155,"column":82}},"77":{"start":{"line":120,"column":13},"end":{"line":120,"column":31}},"78":{"start":{"line":160,"column":32},"end":{"line":170,"column":1}},"79":{"start":{"line":161,"column":20},"end":{"line":163,"column":6}},"80":{"start":{"line":165,"column":4},"end":{"line":167,"column":5}},"81":{"start":{"line":166,"column":8},"end":{"line":166,"column":63}},"82":{"start":{"line":169,"column":4},"end":{"line":169,"column":19}},"83":{"start":{"line":160,"column":13},"end":{"line":160,"column":32}},"84":{"start":{"line":175,"column":35},"end":{"line":181,"column":1}},"85":{"start":{"line":176,"column":25},"end":{"line":176,"column":78}},"86":{"start":{"line":178,"column":4},"end":{"line":180,"column":5}},"87":{"start":{"line":179,"column":8},"end":{"line":179,"column":63}},"88":{"start":{"line":175,"column":13},"end":{"line":175,"column":35}},"89":{"start":{"line":187,"column":25},"end":{"line":195,"column":1}},"90":{"start":{"line":188,"column":28},"end":{"line":188,"column":59}},"91":{"start":{"line":191,"column":25},"end":{"line":191,"column":87}},"92":{"start":{"line":192,"column":30},"end":{"line":192,"column":57}},"93":{"start":{"line":194,"column":4},"end":{"line":194,"column":50}},"94":{"start":{"line":187,"column":13},"end":{"line":187,"column":25}}},"fnMap":{"0":{"name":"(anonymous_1)","decl":{"start":{"line":18,"column":35},"end":{"line":18,"column":40}},"loc":{"start":{"line":18,"column":61},"end":{"line":116,"column":1}}},"1":{"name":"(anonymous_2)","decl":{"start":{"line":37,"column":57},"end":{"line":37,"column":64}},"loc":{"start":{"line":37,"column":67},"end":{"line":66,"column":5}}},"2":{"name":"(anonymous_3)","decl":{"start":{"line":66,"column":14},"end":{"line":66,"column":15}},"loc":{"start":{"line":66,"column":36},"end":{"line":66,"column":46}}},"3":{"name":"(anonymous_4)","decl":{"start":{"line":69,"column":36},"end":{"line":69,"column":41}},"loc":{"start":{"line":69,"column":71},"end":{"line":107,"column":5}}},"4":{"name":"(anonymous_5)","decl":{"start":{"line":72,"column":34},"end":{"line":72,"column":35}},"loc":{"start":{"line":72,"column":39},"end":{"line":72,"column":82}}},"5":{"name":"(anonymous_6)","decl":{"start":{"line":120,"column":31},"end":{"line":120,"column":36}},"loc":{"start":{"line":120,"column":90},"end":{"line":157,"column":1}}},"6":{"name":"(anonymous_7)","decl":{"start":{"line":160,"column":32},"end":{"line":160,"column":37}},"loc":{"start":{"line":160,"column":73},"end":{"line":170,"column":1}}},"7":{"name":"(anonymous_8)","decl":{"start":{"line":175,"column":35},"end":{"line":175,"column":40}},"loc":{"start":{"line":175,"column":73},"end":{"line":181,"column":1}}},"8":{"name":"(anonymous_9)","decl":{"start":{"line":187,"column":25},"end":{"line":187,"column":30}},"loc":{"start":{"line":187,"column":106},"end":{"line":195,"column":1}}}},"branchMap":{"0":{"loc":{"start":{"line":38,"column":29},"end":{"line":38,"column":66}},"type":"binary-expr","locations":[{"start":{"line":38,"column":29},"end":{"line":38,"column":58}},{"start":{"line":38,"column":62},"end":{"line":38,"column":66}}]},"1":{"loc":{"start":{"line":42,"column":8},"end":{"line":47,"column":9}},"type":"if","locations":[{"start":{"line":42,"column":8},"end":{"line":47,"column":9}}]},"2":{"loc":{"start":{"line":42,"column":12},"end":{"line":42,"column":61}},"type":"binary-expr","locations":[{"start":{"line":42,"column":12},"end":{"line":42,"column":24}},{"start":{"line":42,"column":28},"end":{"line":42,"column":61}}]},"3":{"loc":{"start":{"line":50,"column":8},"end":{"line":53,"column":9}},"type":"if","locations":[{"start":{"line":50,"column":8},"end":{"line":53,"column":9}}]},"4":{"loc":{"start":{"line":50,"column":12},"end":{"line":50,"column":48}},"type":"binary-expr","locations":[{"start":{"line":50,"column":12},"end":{"line":50,"column":25}},{"start":{"line":50,"column":29},"end":{"line":50,"column":48}}]},"5":{"loc":{"start":{"line":57,"column":21},"end":{"line":57,"column":44}},"type":"binary-expr","locations":[{"start":{"line":57,"column":21},"end":{"line":57,"column":36}},{"start":{"line":57,"column":40},"end":{"line":57,"column":44}}]},"6":{"loc":{"start":{"line":58,"column":20},"end":{"line":58,"column":42}},"type":"binary-expr","locations":[{"start":{"line":58,"column":20},"end":{"line":58,"column":34}},{"start":{"line":58,"column":38},"end":{"line":58,"column":42}}]},"7":{"loc":{"start":{"line":63,"column":22},"end":{"line":63,"column":42}},"type":"binary-expr","locations":[{"start":{"line":63,"column":22},"end":{"line":63,"column":34}},{"start":{"line":63,"column":38},"end":{"line":63,"column":42}}]},"8":{"loc":{"start":{"line":82,"column":12},"end":{"line":89,"column":13}},"type":"if","locations":[{"start":{"line":82,"column":12},"end":{"line":89,"column":13}},{"start":{"line":86,"column":19},"end":{"line":89,"column":13}}]},"9":{"loc":{"start":{"line":92,"column":8},"end":{"line":94,"column":9}},"type":"if","locations":[{"start":{"line":92,"column":8},"end":{"line":94,"column":9}}]},"10":{"loc":{"start":{"line":98,"column":8},"end":{"line":106,"column":9}},"type":"if","locations":[{"start":{"line":98,"column":8},"end":{"line":106,"column":9}},{"start":{"line":101,"column":15},"end":{"line":106,"column":9}}]},"11":{"loc":{"start":{"line":126,"column":4},"end":{"line":129,"column":5}},"type":"if","locations":[{"start":{"line":126,"column":4},"end":{"line":129,"column":5}}]},"12":{"loc":{"start":{"line":131,"column":4},"end":{"line":133,"column":5}},"type":"if","locations":[{"start":{"line":131,"column":4},"end":{"line":133,"column":5}}]},"13":{"loc":{"start":{"line":136,"column":22},"end":{"line":138,"column":65}},"type":"cond-expr","locations":[{"start":{"line":136,"column":49},"end":{"line":136,"column":64}},{"start":{"line":137,"column":8},"end":{"line":138,"column":65}}]},"14":{"loc":{"start":{"line":137,"column":8},"end":{"line":138,"column":65}},"type":"cond-expr","locations":[{"start":{"line":137,"column":36},"end":{"line":137,"column":42}},{"start":{"line":138,"column":12},"end":{"line":138,"column":65}}]},"15":{"loc":{"start":{"line":138,"column":12},"end":{"line":138,"column":65}},"type":"cond-expr","locations":[{"start":{"line":138,"column":46},"end":{"line":138,"column":58}},{"start":{"line":138,"column":61},"end":{"line":138,"column":65}}]},"16":{"loc":{"start":{"line":140,"column":4},"end":{"line":142,"column":5}},"type":"if","locations":[{"start":{"line":140,"column":4},"end":{"line":142,"column":5}}]},"17":{"loc":{"start":{"line":145,"column":4},"end":{"line":147,"column":5}},"type":"if","locations":[{"start":{"line":145,"column":4},"end":{"line":147,"column":5}}]},"18":{"loc":{"start":{"line":145,"column":8},"end":{"line":145,"column":41}},"type":"binary-expr","locations":[{"start":{"line":145,"column":8},"end":{"line":145,"column":17}},{"start":{"line":145,"column":21},"end":{"line":145,"column":41}}]},"19":{"loc":{"start":{"line":165,"column":4},"end":{"line":167,"column":5}},"type":"if","locations":[{"start":{"line":165,"column":4},"end":{"line":167,"column":5}}]},"20":{"loc":{"start":{"line":178,"column":4},"end":{"line":180,"column":5}},"type":"if","locations":[{"start":{"line":178,"column":4},"end":{"line":180,"column":5}}]},"21":{"loc":{"start":{"line":192,"column":30},"end":{"line":192,"column":57}},"type":"binary-expr","locations":[{"start":{"line":192,"column":30},"end":{"line":192,"column":49}},{"start":{"line":192,"column":53},"end":{"line":192,"column":57}}]}},"s":{"0":2,"1":2,"2":2,"3":2,"4":2,"5":2,"6":2,"7":2,"8":2,"9":2,"10":2,"11":2,"12":2,"13":2,"14":2,"15":1,"16":1,"17":1,"18":1,"19":1,"20":0,"21":1,"22":2,"23":2,"24":2,"25":2,"26":2,"27":2,"28":2,"29":2,"30":0,"31":0,"32":2,"33":2,"34":1,"35":1,"36":1,"37":1,"38":0,"39":1,"40":1,"41":2,"42":2,"43":2,"44":2,"45":0,"46":0,"47":2,"48":1,"49":1,"50":1,"51":1,"52":0,"53":0,"54":1,"55":1,"56":1,"57":1,"58":1,"59":1,"60":2,"61":2,"62":3,"63":3,"64":1,"65":3,"66":0,"67":3,"68":3,"69":3,"70":3,"71":1,"72":3,"73":3,"74":3,"75":0,"76":0,"77":2,"78":2,"79":2,"80":2,"81":1,"82":1,"83":2,"84":2,"85":2,"86":2,"87":1,"88":2,"89":2,"90":2,"91":2,"92":2,"93":2,"94":2},"f":{"0":2,"1":2,"2":2,"3":1,"4":0,"5":3,"6":2,"7":2,"8":2},"b":{"0":[2,0],"1":[2],"2":[2,2],"3":[0],"4":[2,2],"5":[2,0],"6":[2,0],"7":[2,0],"8":[0,2],"9":[1],"10":[0,1],"11":[1],"12":[0],"13":[1,2],"14":[2,0],"15":[0,0],"16":[3],"17":[1],"18":[3,3],"19":[1],"20":[1],"21":[2,1]}}
,"C:\\Users\\KINGSLEY\\hngbetask2\\src\\services\\image.service.ts": {"path":"C:\\Users\\KINGSLEY\\hngbetask2\\src\\services\\image.service.ts","statementMap":{"0":{"start":{"line":3,"column":0},"end":{"line":3,"column":34}},"1":{"start":{"line":4,"column":0},"end":{"line":4,"column":29}},"2":{"start":{"line":5,"column":0},"end":{"line":5,"column":49}},"3":{"start":{"line":6,"column":0},"end":{"line":6,"column":72}},"4":{"start":{"line":8,"column":19},"end":{"line":8,"column":67}},"5":{"start":{"line":9,"column":18},"end":{"line":9,"column":51}},"6":{"start":{"line":10,"column":14},"end":{"line":10,"column":17}},"7":{"start":{"line":11,"column":15},"end":{"line":11,"column":18}},"8":{"start":{"line":16,"column":28},"end":{"line":140,"column":1}},"9":{"start":{"line":22,"column":22},"end":{"line":41,"column":15}},"10":{"start":{"line":24,"column":25},"end":{"line":26,"column":15}},"11":{"start":{"line":28,"column":20},"end":{"line":33,"column":10}},"12":{"start":{"line":34,"column":8},"end":{"line":40,"column":10}},"13":{"start":{"line":43,"column":4},"end":{"line":139,"column":6}},"14":{"start":{"line":143,"column":36},"end":{"line":193,"column":1}},"15":{"start":{"line":148,"column":4},"end":{"line":192,"column":5}},"16":{"start":{"line":149,"column":8},"end":{"line":149,"column":55}},"17":{"start":{"line":151,"column":21},"end":{"line":151,"column":80}},"18":{"start":{"line":153,"column":28},"end":{"line":167,"column":10}},"19":{"start":{"line":169,"column":8},"end":{"line":171,"column":9}},"20":{"start":{"line":170,"column":12},"end":{"line":170,"column":90}},"21":{"start":{"line":173,"column":8},"end":{"line":173,"column":60}},"22":{"start":{"line":176,"column":8},"end":{"line":176,"column":64}},"23":{"start":{"line":179,"column":29},"end":{"line":179,"column":83}},"24":{"start":{"line":181,"column":8},"end":{"line":189,"column":9}},"25":{"start":{"line":184,"column":12},"end":{"line":188,"column":14}},"26":{"start":{"line":191,"column":8},"end":{"line":191,"column":75}},"27":{"start":{"line":143,"column":13},"end":{"line":143,"column":36}},"28":{"start":{"line":194,"column":37},"end":{"line":202,"column":1}},"29":{"start":{"line":195,"column":4},"end":{"line":201,"column":5}},"30":{"start":{"line":196,"column":8},"end":{"line":196,"column":36}},"31":{"start":{"line":197,"column":8},"end":{"line":197,"column":39}},"32":{"start":{"line":200,"column":8},"end":{"line":200,"column":59}},"33":{"start":{"line":194,"column":13},"end":{"line":194,"column":37}}},"fnMap":{"0":{"name":"(anonymous_10)","decl":{"start":{"line":16,"column":28},"end":{"line":16,"column":null}},"loc":{"start":{"line":20,"column":12},"end":{"line":140,"column":1}}},"1":{"name":"(anonymous_11)","decl":{"start":{"line":22,"column":36},"end":{"line":22,"column":37}},"loc":{"start":{"line":22,"column":55},"end":{"line":41,"column":5}}},"2":{"name":"(anonymous_12)","decl":{"start":{"line":143,"column":36},"end":{"line":143,"column":41}},"loc":{"start":{"line":147,"column":19},"end":{"line":193,"column":1}}},"3":{"name":"(anonymous_13)","decl":{"start":{"line":194,"column":37},"end":{"line":194,"column":42}},"loc":{"start":{"line":194,"column":65},"end":{"line":202,"column":1}}}},"branchMap":{"0":{"loc":{"start":{"line":24,"column":25},"end":{"line":26,"column":15}},"type":"cond-expr","locations":[{"start":{"line":25,"column":14},"end":{"line":25,"column":54}},{"start":{"line":26,"column":14},"end":{"line":26,"column":15}}]},"1":{"loc":{"start":{"line":24,"column":25},"end":{"line":24,"column":94}},"type":"binary-expr","locations":[{"start":{"line":24,"column":25},"end":{"line":24,"column":60}},{"start":{"line":24,"column":64},"end":{"line":24,"column":94}}]},"2":{"loc":{"start":{"line":169,"column":8},"end":{"line":171,"column":9}},"type":"if","locations":[{"start":{"line":169,"column":8},"end":{"line":171,"column":9}}]},"3":{"loc":{"start":{"line":179,"column":29},"end":{"line":179,"column":83}},"type":"cond-expr","locations":[{"start":{"line":179,"column":54},"end":{"line":179,"column":67}},{"start":{"line":179,"column":70},"end":{"line":179,"column":83}}]},"4":{"loc":{"start":{"line":181,"column":8},"end":{"line":189,"column":9}},"type":"if","locations":[{"start":{"line":181,"column":8},"end":{"line":189,"column":9}}]},"5":{"loc":{"start":{"line":181,"column":12},"end":{"line":182,"column":58}},"type":"binary-expr","locations":[{"start":{"line":181,"column":12},"end":{"line":181,"column":75}},{"start":{"line":182,"column":12},"end":{"line":182,"column":58}}]}},"s":{"0":1,"1":1,"2":1,"3":1,"4":1,"5":1,"6":1,"7":1,"8":1,"9":0,"10":0,"11":0,"12":0,"13":0,"14":1,"15":0,"16":0,"17":0,"18":0,"19":0,"20":0,"21":0,"22":0,"23":0,"24":0,"25":0,"26":0,"27":1,"28":1,"29":0,"30":0,"31":0,"32":0,"33":1},"f":{"0":0,"1":0,"2":0,"3":0},"b":{"0":[0,0],"1":[0,0],"2":[0],"3":[0,0],"4":[0],"5":[0,0]}}
,"C:\\Users\\KINGSLEY\\hngbetask2\\src\\utils\\apiErrors.ts": {"path":"C:\\Users\\KINGSLEY\\hngbetask2\\src\\utils\\apiErrors.ts","statementMap":{"0":{"start":{"line":6,"column":8},"end":{"line":6,"column":23}},"1":{"start":{"line":7,"column":8},"end":{"line":7,"column":37}},"2":{"start":{"line":8,"column":8},"end":{"line":8,"column":31}},"3":{"start":{"line":9,"column":8},"end":{"line":9,"column":56}},"4":{"start":{"line":13,"column":55},"end":{"line":13,"column":78}},"5":{"start":{"line":14,"column":8},"end":{"line":16,"column":9}},"6":{"start":{"line":15,"column":12},"end":{"line":15,"column":40}},"7":{"start":{"line":17,"column":8},"end":{"line":17,"column":20}},"8":{"start":{"line":1,"column":0},"end":{"line":1,"column":13}},"9":{"start":{"line":24,"column":8},"end":{"line":24,"column":28}},"10":{"start":{"line":22,"column":0},"end":{"line":22,"column":13}},"11":{"start":{"line":31,"column":8},"end":{"line":31,"column":37}},"12":{"start":{"line":29,"column":0},"end":{"line":29,"column":13}},"13":{"start":{"line":38,"column":8},"end":{"line":38,"column":95}},"14":{"start":{"line":36,"column":0},"end":{"line":36,"column":13}},"15":{"start":{"line":45,"column":8},"end":{"line":45,"column":37}},"16":{"start":{"line":43,"column":0},"end":{"line":43,"column":13}}},"fnMap":{"0":{"name":"(anonymous_0)","decl":{"start":{"line":5,"column":4},"end":{"line":5,"column":16}},"loc":{"start":{"line":5,"column":66},"end":{"line":10,"column":5}}},"1":{"name":"(anonymous_1)","decl":{"start":{"line":12,"column":4},"end":{"line":12,"column":10}},"loc":{"start":{"line":12,"column":10},"end":{"line":18,"column":5}}},"2":{"name":"(anonymous_2)","decl":{"start":{"line":23,"column":4},"end":{"line":23,"column":16}},"loc":{"start":{"line":23,"column":54},"end":{"line":25,"column":5}}},"3":{"name":"(anonymous_3)","decl":{"start":{"line":30,"column":4},"end":{"line":30,"column":16}},"loc":{"start":{"line":30,"column":68},"end":{"line":32,"column":5}}},"4":{"name":"(anonymous_4)","decl":{"start":{"line":37,"column":4},"end":{"line":37,"column":16}},"loc":{"start":{"line":37,"column":31},"end":{"line":39,"column":5}}},"5":{"name":"(anonymous_5)","decl":{"start":{"line":44,"column":4},"end":{"line":44,"column":16}},"loc":{"start":{"line":44,"column":72},"end":{"line":46,"column":5}}}},"branchMap":{"0":{"loc":{"start":{"line":14,"column":8},"end":{"line":16,"column":9}},"type":"if","locations":[{"start":{"line":14,"column":8},"end":{"line":16,"column":9}}]},"1":{"loc":{"start":{"line":23,"column":16},"end":{"line":23,"column":54}},"type":"default-arg","locations":[{"start":{"line":23,"column":34},"end":{"line":23,"column":54}}]},"2":{"loc":{"start":{"line":30,"column":16},"end":{"line":30,"column":53}},"type":"default-arg","locations":[{"start":{"line":30,"column":34},"end":{"line":30,"column":53}}]},"3":{"loc":{"start":{"line":44,"column":16},"end":{"line":44,"column":57}},"type":"default-arg","locations":[{"start":{"line":44,"column":34},"end":{"line":44,"column":57}}]}},"s":{"0":8,"1":8,"2":8,"3":8,"4":5,"5":5,"6":0,"7":5,"8":4,"9":5,"10":4,"11":1,"12":4,"13":1,"14":4,"15":1,"16":4},"f":{"0":8,"1":5,"2":5,"3":1,"4":1,"5":1},"b":{"0":[0],"1":[1],"2":[0],"3":[0]}}
,"C:\\Users\\KINGSLEY\\hngbetask2\\src\\utils\\helpers.ts": {"path":"C:\\Users\\KINGSLEY\\hngbetask2\\src\\utils\\helpers.ts","statementMap":{"0":{"start":{"line":1,"column":43},"end":{"line":3,"column":1}},"1":{"start":{"line":2,"column":4},"end":{"line":2,"column":64}},"2":{"start":{"line":1,"column":13},"end":{"line":1,"column":43}}},"fnMap":{"0":{"name":"(anonymous_0)","decl":{"start":{"line":1,"column":43},"end":{"line":1,"column":54}},"loc":{"start":{"line":1,"column":56},"end":{"line":3,"column":1}}}},"branchMap":{},"s":{"0":1,"1":0,"2":1},"f":{"0":0},"b":{}}
}
