TN:
SF:src\controllers\country.controller.ts
FN:8,(anonymous_9)
FN:18,(anonymous_10)
FN:54,(anonymous_11)
FN:66,(anonymous_12)
FN:91,(anonymous_13)
FN:109,(anonymous_14)
FNF:6
FNH:6
FNDA:2,(anonymous_9)
FNDA:3,(anonymous_10)
FNDA:1,(anonymous_11)
FNDA:2,(anonymous_12)
FNDA:2,(anonymous_13)
FNDA:2,(anonymous_14)
DA:2,1
DA:3,1
DA:4,1
DA:8,1
DA:9,2
DA:10,2
DA:11,1
DA:13,1
DA:18,1
DA:19,3
DA:20,3
DA:22,3
DA:23,3
DA:25,3
DA:26,2
DA:27,2
DA:28,2
DA:30,2
DA:31,1
DA:32,1
DA:33,0
DA:34,1
DA:35,0
DA:37,1
DA:40,1
DA:41,0
DA:43,1
DA:46,2
DA:54,2
DA:60,2
DA:62,1
DA:66,1
DA:67,2
DA:68,2
DA:69,2
DA:70,0
DA:73,2
DA:75,1
DA:81,1
DA:83,1
DA:91,1
DA:92,2
DA:93,2
DA:94,2
DA:95,0
DA:98,2
DA:99,1
DA:101,1
DA:109,1
DA:110,2
DA:111,2
DA:113,1
DA:114,1
DA:115,1
DA:118,1
DA:119,0
DA:121,1
LF:57
LH:51
BRDA:25,0,0,2
BRDA:28,1,0,2
BRDA:28,1,1,0
BRDA:30,2,0,1
BRDA:30,2,1,1
BRDA:32,3,0,0
BRDA:32,3,1,1
BRDA:34,4,0,0
BRDA:34,4,1,1
BRDA:40,5,0,0
BRDA:40,6,0,1
BRDA:40,6,1,1
BRDA:69,7,0,0
BRDA:94,8,0,0
BRDA:118,9,0,0
BRF:15
BRH:8
end_of_record
TN:
SF:src\controllers\status.controller.ts
FN:8,(anonymous_9)
FNF:1
FNH:1
FNDA:1,(anonymous_9)
DA:2,1
DA:8,1
DA:9,1
DA:10,1
DA:13,1
DA:18,1
DA:20,0
LF:7
LH:6
BRDA:15,0,0,1
BRDA:15,0,1,0
BRF:2
BRH:1
end_of_record
TN:
SF:src\entities\Country.ts
FN:33,(anonymous_2)
FNF:1
FNH:0
FNDA:0,(anonymous_2)
DA:1,2
DA:4,2
DA:6,2
DA:9,2
DA:12,2
DA:15,2
DA:18,2
DA:21,2
DA:24,2
DA:28,2
DA:31,2
DA:33,0
DA:34,2
LF:13
LH:12
BRF:0
BRH:0
end_of_record
TN:
SF:src\entities\Status.ts
FNF:0
FNH:0
DA:1,2
DA:4,2
DA:6,2
DA:9,2
DA:12,2
LF:5
LH:5
BRF:0
BRH:0
end_of_record
TN:
SF:src\middleware\errorHandler.ts
FN:4,(anonymous_0)
FNF:1
FNH:1
FNDA:5,(anonymous_0)
DA:2,1
DA:4,1
DA:8,5
DA:9,4
DA:12,1
DA:14,1
DA:18,5
LF:7
LH:7
BRDA:8,0,0,4
BRDA:8,0,1,1
BRF:2
BRH:2
end_of_record
TN:
SF:src\middleware\validation.ts
FNF:0
FNH:0
DA:1,0
DA:2,0
DA:4,0
DA:6,0
DA:18,0
DA:26,0
DA:27,0
DA:28,0
DA:32,0
LF:9
LH:0
BRDA:7,0,0,0
BRDA:7,0,1,0
BRDA:9,1,0,0
BRDA:9,1,1,0
BRDA:27,2,0,0
BRF:5
BRH:0
end_of_record
TN:
SF:src\services\country.service.ts
FN:18,(anonymous_1)
FN:37,(anonymous_2)
FN:66,(anonymous_3)
FN:69,(anonymous_4)
FN:72,(anonymous_5)
FN:120,(anonymous_6)
FN:160,(anonymous_7)
FN:175,(anonymous_8)
FN:187,(anonymous_9)
FNF:9
FNH:8
FNDA:2,(anonymous_1)
FNDA:2,(anonymous_2)
FNDA:2,(anonymous_3)
FNDA:1,(anonymous_4)
FNDA:0,(anonymous_5)
FNDA:3,(anonymous_6)
FNDA:2,(anonymous_7)
FNDA:2,(anonymous_8)
FNDA:2,(anonymous_9)
DA:1,2
DA:2,2
DA:3,2
DA:4,2
DA:8,2
DA:9,2
DA:10,2
DA:11,2
DA:12,2
DA:15,2
DA:16,2
DA:18,2
DA:21,2
DA:23,2
DA:24,2
DA:25,1
DA:27,1
DA:30,1
DA:31,1
DA:32,1
DA:34,0
DA:37,1
DA:38,2
DA:39,2
DA:40,2
DA:42,2
DA:43,2
DA:44,2
DA:46,2
DA:50,2
DA:51,0
DA:52,0
DA:55,2
DA:66,2
DA:69,1
DA:70,1
DA:71,1
DA:72,1
DA:74,1
DA:76,1
DA:77,2
DA:79,2
DA:80,2
DA:82,2
DA:84,0
DA:85,0
DA:88,2
DA:92,1
DA:93,1
DA:97,1
DA:98,1
DA:99,0
DA:100,0
DA:102,1
DA:103,1
DA:104,1
DA:105,1
DA:110,1
DA:115,1
DA:120,2
DA:121,3
DA:126,3
DA:128,1
DA:131,3
DA:132,0
DA:136,3
DA:140,3
DA:141,3
DA:145,3
DA:146,1
DA:150,3
DA:151,3
DA:152,3
DA:154,0
DA:155,0
DA:160,2
DA:161,2
DA:165,2
DA:166,1
DA:169,1
DA:175,2
DA:176,2
DA:178,2
DA:179,1
DA:187,2
DA:188,2
DA:191,2
DA:192,2
DA:194,2
LF:89
LH:79
BRDA:38,0,0,2
BRDA:38,0,1,0
BRDA:42,1,0,2
BRDA:42,2,0,2
BRDA:42,2,1,2
BRDA:50,3,0,0
BRDA:50,4,0,2
BRDA:50,4,1,2
BRDA:57,5,0,2
BRDA:57,5,1,0
BRDA:58,6,0,2
BRDA:58,6,1,0
BRDA:63,7,0,2
BRDA:63,7,1,0
BRDA:82,8,0,0
BRDA:82,8,1,2
BRDA:92,9,0,1
BRDA:98,10,0,0
BRDA:98,10,1,1
BRDA:126,11,0,1
BRDA:131,12,0,0
BRDA:136,13,0,1
BRDA:136,13,1,2
BRDA:137,14,0,2
BRDA:137,14,1,0
BRDA:138,15,0,0
BRDA:138,15,1,0
BRDA:140,16,0,3
BRDA:145,17,0,1
BRDA:145,18,0,3
BRDA:145,18,1,3
BRDA:165,19,0,1
BRDA:178,20,0,1
BRDA:192,21,0,2
BRDA:192,21,1,1
BRF:35
BRH:24
end_of_record
TN:
SF:src\services\image.service.ts
FN:16,(anonymous_10)
FN:22,(anonymous_11)
FN:143,(anonymous_12)
FN:194,(anonymous_13)
FNF:4
FNH:0
FNDA:0,(anonymous_10)
FNDA:0,(anonymous_11)
FNDA:0,(anonymous_12)
FNDA:0,(anonymous_13)
DA:3,1
DA:4,1
DA:5,1
DA:6,1
DA:8,1
DA:9,1
DA:10,1
DA:11,1
DA:16,1
DA:22,0
DA:24,0
DA:28,0
DA:34,0
DA:43,0
DA:143,1
DA:148,0
DA:149,0
DA:151,0
DA:153,0
DA:169,0
DA:170,0
DA:173,0
DA:176,0
DA:179,0
DA:181,0
DA:184,0
DA:191,0
DA:194,1
DA:195,0
DA:196,0
DA:197,0
DA:200,0
LF:32
LH:11
BRDA:24,0,0,0
BRDA:24,0,1,0
BRDA:24,1,0,0
BRDA:24,1,1,0
BRDA:169,2,0,0
BRDA:179,3,0,0
BRDA:179,3,1,0
BRDA:181,4,0,0
BRDA:181,5,0,0
BRDA:181,5,1,0
BRF:10
BRH:0
end_of_record
TN:
SF:src\utils\apiErrors.ts
FN:5,(anonymous_0)
FN:12,(anonymous_1)
FN:23,(anonymous_2)
FN:30,(anonymous_3)
FN:37,(anonymous_4)
FN:44,(anonymous_5)
FNF:6
FNH:6
FNDA:8,(anonymous_0)
FNDA:5,(anonymous_1)
FNDA:5,(anonymous_2)
FNDA:1,(anonymous_3)
FNDA:1,(anonymous_4)
FNDA:1,(anonymous_5)
DA:1,4
DA:6,8
DA:7,8
DA:8,8
DA:9,8
DA:13,5
DA:14,5
DA:15,0
DA:17,5
DA:22,4
DA:24,5
DA:29,4
DA:31,1
DA:36,4
DA:38,1
DA:43,4
DA:45,1
LF:17
LH:16
BRDA:14,0,0,0
BRDA:23,1,0,1
BRDA:30,2,0,0
BRDA:44,3,0,0
BRF:4
BRH:1
end_of_record
TN:
SF:src\utils\helpers.ts
FN:1,(anonymous_0)
FNF:1
FNH:0
FNDA:0,(anonymous_0)
DA:1,1
DA:2,0
LF:2
LH:1
BRF:0
BRH:0
end_of_record
