TN:
SF:src\controllers\country.controller.ts
FN:13,(anonymous_9)
FN:27,(anonymous_10)
FN:64,(anonymous_11)
FN:80,(anonymous_12)
FN:105,(anonymous_13)
FN:123,(anonymous_14)
FNF:6
FNH:6
FNDA:2,(anonymous_9)
FNDA:3,(anonymous_10)
FNDA:1,(anonymous_11)
FNDA:2,(anonymous_12)
FNDA:2,(anonymous_13)
FNDA:2,(anonymous_14)
DA:4,1
DA:5,1
DA:6,1
DA:13,1
DA:14,2
DA:15,2
DA:16,1
DA:18,1
DA:27,1
DA:28,3
DA:29,3
DA:32,3
DA:33,3
DA:35,3
DA:36,2
DA:37,2
DA:38,2
DA:40,2
DA:41,1
DA:42,1
DA:43,0
DA:44,1
DA:45,0
DA:47,1
DA:50,1
DA:51,0
DA:53,1
DA:56,2
DA:64,2
DA:70,2
DA:72,1
DA:80,1
DA:81,2
DA:82,2
DA:83,2
DA:84,0
DA:87,2
DA:89,1
DA:95,1
DA:97,1
DA:105,1
DA:106,2
DA:107,2
DA:108,2
DA:109,0
DA:112,2
DA:113,1
DA:115,1
DA:123,1
DA:124,2
DA:125,2
DA:127,1
DA:128,1
DA:129,1
DA:132,1
DA:133,0
DA:135,1
LF:57
LH:51
BRDA:35,0,0,2
BRDA:38,1,0,2
BRDA:38,1,1,0
BRDA:40,2,0,1
BRDA:40,2,1,1
BRDA:42,3,0,0
BRDA:42,3,1,1
BRDA:44,4,0,0
BRDA:44,4,1,1
BRDA:50,5,0,0
BRDA:50,6,0,1
BRDA:50,6,1,1
BRDA:83,7,0,0
BRDA:108,8,0,0
BRDA:132,9,0,0
BRF:15
BRH:8
end_of_record
TN:
SF:src\controllers\status.controller.ts
FN:10,(anonymous_9)
FNF:1
FNH:1
FNDA:1,(anonymous_9)
DA:4,1
DA:10,1
DA:11,1
DA:12,1
DA:15,1
DA:20,1
DA:22,0
LF:7
LH:6
BRDA:17,0,0,1
BRDA:17,0,1,0
BRF:2
BRH:1
end_of_record
TN:
SF:src\entities\Country.ts
FN:35,(anonymous_2)
FNF:1
FNH:0
FNDA:0,(anonymous_2)
DA:3,2
DA:6,2
DA:8,2
DA:11,2
DA:14,2
DA:17,2
DA:20,2
DA:23,2
DA:26,2
DA:30,2
DA:33,2
DA:35,0
DA:36,2
LF:13
LH:12
BRF:0
BRH:0
end_of_record
TN:
SF:src\entities\Status.ts
FNF:0
FNH:0
DA:3,2
DA:8,2
DA:10,2
DA:13,2
DA:16,2
LF:5
LH:5
BRF:0
BRH:0
end_of_record
TN:
SF:src\middleware\errorHandler.ts
FN:4,(anonymous_0)
FNF:1
FNH:1
FNDA:5,(anonymous_0)
DA:2,1
DA:4,1
DA:8,5
DA:9,4
DA:12,1
DA:14,1
DA:18,5
LF:7
LH:7
BRDA:8,0,0,4
BRDA:8,0,1,1
BRF:2
BRH:2
end_of_record
TN:
SF:src\middleware\validation.ts
FNF:0
FNH:0
DA:3,0
DA:4,0
DA:6,0
DA:8,0
DA:20,0
DA:28,0
DA:29,0
DA:30,0
DA:34,0
LF:9
LH:0
BRDA:9,0,0,0
BRDA:9,0,1,0
BRDA:11,1,0,0
BRDA:11,1,1,0
BRDA:29,2,0,0
BRF:5
BRH:0
end_of_record
TN:
SF:src\services\country.service.ts
FN:24,(anonymous_1)
FN:45,(anonymous_2)
FN:74,(anonymous_3)
FN:77,(anonymous_4)
FN:80,(anonymous_5)
FN:131,(anonymous_6)
FN:173,(anonymous_7)
FN:188,(anonymous_8)
FN:200,(anonymous_9)
FNF:9
FNH:8
FNDA:2,(anonymous_1)
FNDA:2,(anonymous_2)
FNDA:2,(anonymous_3)
FNDA:1,(anonymous_4)
FNDA:0,(anonymous_5)
FNDA:3,(anonymous_6)
FNDA:2,(anonymous_7)
FNDA:2,(anonymous_8)
FNDA:2,(anonymous_9)
DA:1,2
DA:2,2
DA:3,2
DA:4,2
DA:8,2
DA:9,2
DA:10,2
DA:11,2
DA:12,2
DA:15,2
DA:16,2
DA:24,2
DA:27,2
DA:30,2
DA:31,2
DA:32,1
DA:34,1
DA:37,1
DA:38,1
DA:39,1
DA:41,0
DA:45,1
DA:46,2
DA:47,2
DA:48,2
DA:50,2
DA:51,2
DA:52,2
DA:54,2
DA:58,2
DA:59,0
DA:60,0
DA:63,2
DA:74,2
DA:77,1
DA:78,1
DA:79,1
DA:80,1
DA:82,1
DA:84,1
DA:85,2
DA:87,2
DA:88,2
DA:90,2
DA:92,0
DA:93,0
DA:96,2
DA:100,1
DA:101,1
DA:105,1
DA:106,1
DA:107,0
DA:108,0
DA:110,1
DA:111,1
DA:112,1
DA:113,1
DA:118,1
DA:123,1
DA:131,2
DA:132,3
DA:137,3
DA:139,1
DA:142,3
DA:143,0
DA:147,3
DA:151,3
DA:152,3
DA:156,3
DA:157,1
DA:161,3
DA:162,3
DA:163,3
DA:165,0
DA:166,0
DA:173,2
DA:174,2
DA:178,2
DA:179,1
DA:182,1
DA:188,2
DA:189,2
DA:191,2
DA:192,1
DA:200,2
DA:201,2
DA:204,2
DA:205,2
DA:207,2
LF:89
LH:79
BRDA:46,0,0,2
BRDA:46,0,1,0
BRDA:50,1,0,2
BRDA:50,2,0,2
BRDA:50,2,1,2
BRDA:58,3,0,0
BRDA:58,4,0,2
BRDA:58,4,1,2
BRDA:65,5,0,2
BRDA:65,5,1,0
BRDA:66,6,0,2
BRDA:66,6,1,0
BRDA:71,7,0,2
BRDA:71,7,1,0
BRDA:90,8,0,0
BRDA:90,8,1,2
BRDA:100,9,0,1
BRDA:106,10,0,0
BRDA:106,10,1,1
BRDA:137,11,0,1
BRDA:142,12,0,0
BRDA:147,13,0,1
BRDA:147,13,1,2
BRDA:148,14,0,2
BRDA:148,14,1,0
BRDA:149,15,0,0
BRDA:149,15,1,0
BRDA:151,16,0,3
BRDA:156,17,0,1
BRDA:156,18,0,3
BRDA:156,18,1,3
BRDA:178,19,0,1
BRDA:191,20,0,1
BRDA:205,21,0,2
BRDA:205,21,1,1
BRF:35
BRH:24
end_of_record
TN:
SF:src\services\image.service.ts
FN:16,(anonymous_10)
FN:22,(anonymous_11)
FN:148,(anonymous_12)
FN:205,(anonymous_13)
FNF:4
FNH:0
FNDA:0,(anonymous_10)
FNDA:0,(anonymous_11)
FNDA:0,(anonymous_12)
FNDA:0,(anonymous_13)
DA:3,1
DA:4,1
DA:5,1
DA:6,1
DA:8,1
DA:9,1
DA:10,1
DA:11,1
DA:16,1
DA:22,0
DA:24,0
DA:28,0
DA:34,0
DA:43,0
DA:148,1
DA:153,0
DA:154,0
DA:156,0
DA:160,0
DA:176,0
DA:177,0
DA:180,0
DA:183,0
DA:186,0
DA:188,0
DA:191,0
DA:198,0
DA:205,1
DA:206,0
DA:207,0
DA:208,0
DA:211,0
LF:32
LH:11
BRDA:24,0,0,0
BRDA:24,0,1,0
BRDA:24,1,0,0
BRDA:24,1,1,0
BRDA:176,2,0,0
BRDA:186,3,0,0
BRDA:186,3,1,0
BRDA:188,4,0,0
BRDA:188,5,0,0
BRDA:188,5,1,0
BRF:10
BRH:0
end_of_record
TN:
SF:src\utils\apiErrors.ts
FN:6,(anonymous_0)
FN:13,(anonymous_1)
FN:24,(anonymous_2)
FN:31,(anonymous_3)
FN:38,(anonymous_4)
FN:45,(anonymous_5)
FNF:6
FNH:6
FNDA:8,(anonymous_0)
FNDA:5,(anonymous_1)
FNDA:5,(anonymous_2)
FNDA:1,(anonymous_3)
FNDA:1,(anonymous_4)
FNDA:1,(anonymous_5)
DA:2,4
DA:7,8
DA:8,8
DA:9,8
DA:10,8
DA:14,5
DA:15,5
DA:16,0
DA:18,5
DA:23,4
DA:25,5
DA:30,4
DA:32,1
DA:37,4
DA:39,1
DA:44,4
DA:46,1
LF:17
LH:16
BRDA:15,0,0,0
BRDA:24,1,0,1
BRDA:31,2,0,0
BRDA:45,3,0,0
BRF:4
BRH:1
end_of_record
TN:
SF:src\utils\helpers.ts
FN:5,(anonymous_0)
FNF:1
FNH:0
FNDA:0,(anonymous_0)
DA:5,1
DA:6,0
LF:2
LH:1
BRF:0
BRH:0
end_of_record
